2016/03/20 14:36:10 [error] [system.db.CDbCommand] CDbCommand::execute() failed: SQLSTATE[23000]: Integrity constraint violation: 1062 Duplicate entry 'index' for key 'PRIMARY'. The SQL statement executed was: INSERT INTO `authitem` (`name`, `type`, `description`, `bizrule`, `data`) VALUES (:name, :type, :description, :bizrule, :data).
in E:\workspace\work\weijia\app\index\protected\controllers\SiteController.php (13)
in E:\workspace\work\weijia\app\index\index.php (13)
2016/03/20 14:36:10 [error] [exception.CDbException] exception 'CDbException' with message 'CDbCommand failed to execute the SQL statement: SQLSTATE[23000]: Integrity constraint violation: 1062 Duplicate entry 'index' for key 'PRIMARY'. The SQL statement executed was: INSERT INTO `authitem` (`name`, `type`, `description`, `bizrule`, `data`) VALUES (:name, :type, :description, :bizrule, :data)' in E:\workspace\work\weijia\app\framework\db\CDbCommand.php:358
Stack trace:
#0 E:\workspace\work\weijia\app\framework\db\CDbCommand.php(1278): CDbCommand->execute(Array)
#1 E:\workspace\work\weijia\app\framework\web\auth\CDbAuthManager.php(444): CDbCommand->insert('authitem', Array)
#2 E:\workspace\work\weijia\app\framework\web\auth\CAuthManager.php(100): CDbAuthManager->createAuthItem('index', 0, '????????', NULL, NULL)
#3 E:\workspace\work\weijia\app\index\protected\controllers\SiteController.php(13): CAuthManager->createOperation('index', '????????')
#4 E:\workspace\work\weijia\app\framework\web\actions\CInlineAction.php(49): SiteController->actiontest()
#5 E:\workspace\work\weijia\app\framework\web\CController.php(308): CInlineAction->runWithParams(Array)
#6 E:\workspace\work\weijia\app\framework\web\CController.php(286): CController->runAction(Object(CInlineAction))
#7 E:\workspace\work\weijia\app\framework\web\CController.php(265): CController->runActionWithFilters(Object(CInlineAction), Array)
#8 E:\workspace\work\weijia\app\framework\web\CWebApplication.php(282): CController->run('test')
#9 E:\workspace\work\weijia\app\framework\web\CWebApplication.php(141): CWebApplication->runController('site/test')
#10 E:\workspace\work\weijia\app\framework\base\CApplication.php(185): CWebApplication->processRequest()
#11 E:\workspace\work\weijia\app\index\index.php(13): CApplication->run()
#12 {main}
REQUEST_URI=/weijia/app/index/index.php?r=site/test
---
2016/03/21 13:19:32 [error] [exception.CException] exception 'CException' with message 'Property "CStringValidator.0" is not defined.' in E:\workspace\work\weijia\app\framework\base\CComponent.php:173
Stack trace:
#0 E:\workspace\work\weijia\app\framework\validators\CValidator.php(177): CComponent->__set('0', '???????????????...')
#1 E:\workspace\work\weijia\app\framework\base\CModel.php(287): CValidator::createValidator('length', Object(User), 'username, passw...', Array)
#2 E:\workspace\work\weijia\app\framework\base\CModel.php(260): CModel->createValidators()
#3 E:\workspace\work\weijia\app\framework\base\CModel.php(547): CModel->getValidators()
#4 E:\workspace\work\weijia\app\framework\base\CModel.php(468): CModel->getSafeAttributeNames()
#5 E:\workspace\work\weijia\app\framework\base\CComponent.php(152): CModel->setAttributes(Array)
#6 E:\workspace\work\weijia\app\framework\db\ar\CActiveRecord.php(161): CComponent->__set('attributes', Array)
#7 E:\workspace\work\weijia\app\index\protected\controllers\SiteController.php(125): CActiveRecord->__set('attributes', Array)
#8 E:\workspace\work\weijia\app\framework\web\actions\CInlineAction.php(49): SiteController->actionLoginUser()
#9 E:\workspace\work\weijia\app\framework\web\CController.php(308): CInlineAction->runWithParams(Array)
#10 E:\workspace\work\weijia\app\framework\web\CController.php(286): CController->runAction(Object(CInlineAction))
#11 E:\workspace\work\weijia\app\framework\web\CController.php(265): CController->runActionWithFilters(Object(CInlineAction), Array)
#12 E:\workspace\work\weijia\app\framework\web\CWebApplication.php(282): CController->run('loginuser')
#13 E:\workspace\work\weijia\app\framework\web\CWebApplication.php(141): CWebApplication->runController('site/loginuser')
#14 E:\workspace\work\weijia\app\framework\base\CApplication.php(185): CWebApplication->processRequest()
#15 E:\workspace\work\weijia\app\index\index.php(13): CApplication->run()
#16 {main}
REQUEST_URI=/weijia/app/index/index.php?r=site/loginuser
HTTP_REFERER=http://localhost/weijia/app/index/index.php?r=site/loginuser
---
2016/03/21 13:25:34 [error] [exception.CException] exception 'CException' with message 'Property "CStringValidator.0" is not defined.' in E:\workspace\work\weijia\app\framework\base\CComponent.php:173
Stack trace:
#0 E:\workspace\work\weijia\app\framework\validators\CValidator.php(177): CComponent->__set('0', '???????????????...')
#1 E:\workspace\work\weijia\app\framework\base\CModel.php(287): CValidator::createValidator('length', Object(User), 'username, passw...', Array)
#2 E:\workspace\work\weijia\app\framework\base\CModel.php(260): CModel->createValidators()
#3 E:\workspace\work\weijia\app\framework\base\CModel.php(304): CModel->getValidators('gender')
#4 E:\workspace\work\weijia\app\framework\web\helpers\CHtml.php(1514): CModel->isAttributeRequired('gender')
#5 E:\workspace\work\weijia\app\framework\web\widgets\CActiveForm.php(600): CHtml::activeLabelEx(Object(User), 'gender', Array)
#6 E:\workspace\work\weijia\app\index\protected\views\site\loginUser.php(23): CActiveForm->labelEx(Object(User), 'gender')
#7 E:\workspace\work\weijia\app\framework\web\CBaseController.php(126): require('E:\workspace\wo...')
#8 E:\workspace\work\weijia\app\framework\web\CBaseController.php(95): CBaseController->renderInternal('E:\workspace\wo...', Array, true)
#9 E:\workspace\work\weijia\app\framework\web\CController.php(869): CBaseController->renderFile('E:\workspace\wo...', Array, true)
#10 E:\workspace\work\weijia\app\framework\web\CController.php(782): CController->renderPartial('loginUser', Array, true)
#11 E:\workspace\work\weijia\app\index\protected\controllers\SiteController.php(130): CController->render('loginUser', Array)
#12 E:\workspace\work\weijia\app\framework\web\actions\CInlineAction.php(49): SiteController->actionLoginUser()
#13 E:\workspace\work\weijia\app\framework\web\CController.php(308): CInlineAction->runWithParams(Array)
#14 E:\workspace\work\weijia\app\framework\web\CController.php(286): CController->runAction(Object(CInlineAction))
#15 E:\workspace\work\weijia\app\framework\web\CController.php(265): CController->runActionWithFilters(Object(CInlineAction), Array)
#16 E:\workspace\work\weijia\app\framework\web\CWebApplication.php(282): CController->run('loginuser')
#17 E:\workspace\work\weijia\app\framework\web\CWebApplication.php(141): CWebApplication->runController('site/loginuser')
#18 E:\workspace\work\weijia\app\framework\base\CApplication.php(185): CWebApplication->processRequest()
#19 E:\workspace\work\weijia\app\index\index.php(13): CApplication->run()
#20 {main}
REQUEST_URI=/weijia/app/index/index.php?r=site/loginuser
---
2016/03/21 13:25:41 [error] [exception.CException] exception 'CException' with message 'Property "CStringValidator.0" is not defined.' in E:\workspace\work\weijia\app\framework\base\CComponent.php:173
Stack trace:
#0 E:\workspace\work\weijia\app\framework\validators\CValidator.php(177): CComponent->__set('0', '???????????????...')
#1 E:\workspace\work\weijia\app\framework\base\CModel.php(287): CValidator::createValidator('length', Object(User), 'username, passw...', Array)
#2 E:\workspace\work\weijia\app\framework\base\CModel.php(260): CModel->createValidators()
#3 E:\workspace\work\weijia\app\framework\base\CModel.php(304): CModel->getValidators('gender')
#4 E:\workspace\work\weijia\app\framework\web\helpers\CHtml.php(1514): CModel->isAttributeRequired('gender')
#5 E:\workspace\work\weijia\app\framework\web\widgets\CActiveForm.php(600): CHtml::activeLabelEx(Object(User), 'gender', Array)
#6 E:\workspace\work\weijia\app\index\protected\views\site\loginUser.php(23): CActiveForm->labelEx(Object(User), 'gender')
#7 E:\workspace\work\weijia\app\framework\web\CBaseController.php(126): require('E:\workspace\wo...')
#8 E:\workspace\work\weijia\app\framework\web\CBaseController.php(95): CBaseController->renderInternal('E:\workspace\wo...', Array, true)
#9 E:\workspace\work\weijia\app\framework\web\CController.php(869): CBaseController->renderFile('E:\workspace\wo...', Array, true)
#10 E:\workspace\work\weijia\app\framework\web\CController.php(782): CController->renderPartial('loginUser', Array, true)
#11 E:\workspace\work\weijia\app\index\protected\controllers\SiteController.php(130): CController->render('loginUser', Array)
#12 E:\workspace\work\weijia\app\framework\web\actions\CInlineAction.php(49): SiteController->actionLoginUser()
#13 E:\workspace\work\weijia\app\framework\web\CController.php(308): CInlineAction->runWithParams(Array)
#14 E:\workspace\work\weijia\app\framework\web\CController.php(286): CController->runAction(Object(CInlineAction))
#15 E:\workspace\work\weijia\app\framework\web\CController.php(265): CController->runActionWithFilters(Object(CInlineAction), Array)
#16 E:\workspace\work\weijia\app\framework\web\CWebApplication.php(282): CController->run('loginuser')
#17 E:\workspace\work\weijia\app\framework\web\CWebApplication.php(141): CWebApplication->runController('site/loginuser')
#18 E:\workspace\work\weijia\app\framework\base\CApplication.php(185): CWebApplication->processRequest()
#19 E:\workspace\work\weijia\app\index\index.php(13): CApplication->run()
#20 {main}
REQUEST_URI=/weijia/app/index/index.php?r=site/loginuser
---
2016/03/21 13:26:04 [error] [exception.CException] exception 'CException' with message 'Property "CStringValidator.0" is not defined.' in E:\workspace\work\weijia\app\framework\base\CComponent.php:173
Stack trace:
#0 E:\workspace\work\weijia\app\framework\validators\CValidator.php(177): CComponent->__set('0', '???????????????...')
#1 E:\workspace\work\weijia\app\framework\base\CModel.php(287): CValidator::createValidator('length', Object(User), 'username, passw...', Array)
#2 E:\workspace\work\weijia\app\framework\base\CModel.php(260): CModel->createValidators()
#3 E:\workspace\work\weijia\app\framework\base\CModel.php(304): CModel->getValidators('gender')
#4 E:\workspace\work\weijia\app\framework\web\helpers\CHtml.php(1514): CModel->isAttributeRequired('gender')
#5 E:\workspace\work\weijia\app\framework\web\widgets\CActiveForm.php(600): CHtml::activeLabelEx(Object(User), 'gender', Array)
#6 E:\workspace\work\weijia\app\index\protected\views\site\loginUser.php(23): CActiveForm->labelEx(Object(User), 'gender')
#7 E:\workspace\work\weijia\app\framework\web\CBaseController.php(126): require('E:\workspace\wo...')
#8 E:\workspace\work\weijia\app\framework\web\CBaseController.php(95): CBaseController->renderInternal('E:\workspace\wo...', Array, true)
#9 E:\workspace\work\weijia\app\framework\web\CController.php(869): CBaseController->renderFile('E:\workspace\wo...', Array, true)
#10 E:\workspace\work\weijia\app\framework\web\CController.php(782): CController->renderPartial('loginUser', Array, true)
#11 E:\workspace\work\weijia\app\index\protected\controllers\SiteController.php(130): CController->render('loginUser', Array)
#12 E:\workspace\work\weijia\app\framework\web\actions\CInlineAction.php(49): SiteController->actionLoginUser()
#13 E:\workspace\work\weijia\app\framework\web\CController.php(308): CInlineAction->runWithParams(Array)
#14 E:\workspace\work\weijia\app\framework\web\CController.php(286): CController->runAction(Object(CInlineAction))
#15 E:\workspace\work\weijia\app\framework\web\CController.php(265): CController->runActionWithFilters(Object(CInlineAction), Array)
#16 E:\workspace\work\weijia\app\framework\web\CWebApplication.php(282): CController->run('loginuser')
#17 E:\workspace\work\weijia\app\framework\web\CWebApplication.php(141): CWebApplication->runController('site/loginuser')
#18 E:\workspace\work\weijia\app\framework\base\CApplication.php(185): CWebApplication->processRequest()
#19 E:\workspace\work\weijia\app\index\index.php(13): CApplication->run()
#20 {main}
REQUEST_URI=/weijia/app/index/index.php?r=site/loginuser
---
2016/03/21 13:26:25 [error] [exception.CException] exception 'CException' with message 'Property "CStringValidator.0" is not defined.' in E:\workspace\work\weijia\app\framework\base\CComponent.php:173
Stack trace:
#0 E:\workspace\work\weijia\app\framework\validators\CValidator.php(177): CComponent->__set('0', '???????????????...')
#1 E:\workspace\work\weijia\app\framework\base\CModel.php(287): CValidator::createValidator('length', Object(User), 'username, passw...', Array)
#2 E:\workspace\work\weijia\app\framework\base\CModel.php(260): CModel->createValidators()
#3 E:\workspace\work\weijia\app\framework\base\CModel.php(304): CModel->getValidators('gender')
#4 E:\workspace\work\weijia\app\framework\web\helpers\CHtml.php(1514): CModel->isAttributeRequired('gender')
#5 E:\workspace\work\weijia\app\framework\web\widgets\CActiveForm.php(600): CHtml::activeLabelEx(Object(User), 'gender', Array)
#6 E:\workspace\work\weijia\app\index\protected\views\site\loginUser.php(23): CActiveForm->labelEx(Object(User), 'gender')
#7 E:\workspace\work\weijia\app\framework\web\CBaseController.php(126): require('E:\workspace\wo...')
#8 E:\workspace\work\weijia\app\framework\web\CBaseController.php(95): CBaseController->renderInternal('E:\workspace\wo...', Array, true)
#9 E:\workspace\work\weijia\app\framework\web\CController.php(869): CBaseController->renderFile('E:\workspace\wo...', Array, true)
#10 E:\workspace\work\weijia\app\framework\web\CController.php(782): CController->renderPartial('loginUser', Array, true)
#11 E:\workspace\work\weijia\app\index\protected\controllers\SiteController.php(130): CController->render('loginUser', Array)
#12 E:\workspace\work\weijia\app\framework\web\actions\CInlineAction.php(49): SiteController->actionLoginUser()
#13 E:\workspace\work\weijia\app\framework\web\CController.php(308): CInlineAction->runWithParams(Array)
#14 E:\workspace\work\weijia\app\framework\web\CController.php(286): CController->runAction(Object(CInlineAction))
#15 E:\workspace\work\weijia\app\framework\web\CController.php(265): CController->runActionWithFilters(Object(CInlineAction), Array)
#16 E:\workspace\work\weijia\app\framework\web\CWebApplication.php(282): CController->run('loginuser')
#17 E:\workspace\work\weijia\app\framework\web\CWebApplication.php(141): CWebApplication->runController('site/loginuser')
#18 E:\workspace\work\weijia\app\framework\base\CApplication.php(185): CWebApplication->processRequest()
#19 E:\workspace\work\weijia\app\index\index.php(13): CApplication->run()
#20 {main}
REQUEST_URI=/weijia/app/index/index.php?r=site/loginuser
---
2016/03/21 13:31:31 [warning] [application] Failed to set unsafe attribute "cellphone" of "User".
in E:\workspace\work\weijia\app\index\protected\controllers\SiteController.php (125)
in E:\workspace\work\weijia\app\index\index.php (13)
2016/03/21 13:34:47 [warning] [application] Failed to set unsafe attribute "cellphone" of "User".
in E:\workspace\work\weijia\app\index\protected\controllers\SiteController.php (125)
in E:\workspace\work\weijia\app\index\index.php (13)
2016/03/21 13:34:47 [error] [exception.CException] exception 'CException' with message 'Property "User._identity" is not defined.' in E:\workspace\work\weijia\app\framework\base\CComponent.php:173
Stack trace:
#0 E:\workspace\work\weijia\app\framework\db\ar\CActiveRecord.php(161): CComponent->__set('_identity', Object(UserIdentity))
#1 E:\workspace\work\weijia\app\index\protected\models\User.php(56): CActiveRecord->__set('_identity', Object(UserIdentity))
#2 E:\workspace\work\weijia\app\framework\validators\CInlineValidator.php(42): User->authenticate('password', Array)
#3 E:\workspace\work\weijia\app\framework\validators\CValidator.php(201): CInlineValidator->validateAttribute(Object(User), 'password')
#4 E:\workspace\work\weijia\app\framework\base\CModel.php(159): CValidator->validate(Object(User), NULL)
#5 E:\workspace\work\weijia\app\index\protected\controllers\SiteController.php(126): CModel->validate()
#6 E:\workspace\work\weijia\app\framework\web\actions\CInlineAction.php(49): SiteController->actionLoginUser()
#7 E:\workspace\work\weijia\app\framework\web\CController.php(308): CInlineAction->runWithParams(Array)
#8 E:\workspace\work\weijia\app\framework\web\CController.php(286): CController->runAction(Object(CInlineAction))
#9 E:\workspace\work\weijia\app\framework\web\CController.php(265): CController->runActionWithFilters(Object(CInlineAction), Array)
#10 E:\workspace\work\weijia\app\framework\web\CWebApplication.php(282): CController->run('loginuser')
#11 E:\workspace\work\weijia\app\framework\web\CWebApplication.php(141): CWebApplication->runController('site/loginuser')
#12 E:\workspace\work\weijia\app\framework\base\CApplication.php(185): CWebApplication->processRequest()
#13 E:\workspace\work\weijia\app\index\index.php(13): CApplication->run()
#14 {main}
REQUEST_URI=/weijia/app/index/index.php?r=site/loginuser
HTTP_REFERER=http://localhost/weijia/app/index/index.php?r=site/loginuser
---
2016/03/21 13:38:19 [error] [php] Undefined variable: id (E:\workspace\work\weijia\app\index\protected\components\UserIdentity.php:38)
Stack trace:
#0 E:\workspace\work\weijia\app\framework\validators\CValidator.php(201): CInlineValidator->validateAttribute()
#1 E:\workspace\work\weijia\app\framework\base\CModel.php(159): CInlineValidator->validate()
#2 E:\workspace\work\weijia\app\index\protected\controllers\SiteController.php(116): LoginForm->validate()
#3 E:\workspace\work\weijia\app\framework\web\actions\CInlineAction.php(49): SiteController->actionLogin()
#4 E:\workspace\work\weijia\app\framework\web\CController.php(308): CInlineAction->runWithParams()
#5 E:\workspace\work\weijia\app\framework\web\CController.php(286): SiteController->runAction()
#6 E:\workspace\work\weijia\app\framework\web\CController.php(265): SiteController->runActionWithFilters()
#7 E:\workspace\work\weijia\app\framework\web\CWebApplication.php(282): SiteController->run()
#8 E:\workspace\work\weijia\app\framework\web\CWebApplication.php(141): CWebApplication->runController()
#9 E:\workspace\work\weijia\app\framework\base\CApplication.php(185): CWebApplication->processRequest()
#10 E:\workspace\work\weijia\app\index\index.php(13): CWebApplication->run()
REQUEST_URI=/weijia/app/index/index.php?r=site/login
in E:\workspace\work\weijia\app\index\protected\components\UserIdentity.php (38)
in E:\workspace\work\weijia\app\index\protected\models\LoginForm.php (52)
in E:\workspace\work\weijia\app\index\protected\controllers\SiteController.php (116)
2016/03/21 14:15:52 [error] [php] Undefined variable: userID (E:\workspace\work\weijia\app\framework\web\auth\CDbAuthManager.php:74)
Stack trace:
#0 E:\workspace\work\weijia\app\framework\web\actions\CInlineAction.php(49): SiteController->actiontest()
#1 E:\workspace\work\weijia\app\framework\web\CController.php(308): CInlineAction->runWithParams()
#2 E:\workspace\work\weijia\app\framework\web\CController.php(286): SiteController->runAction()
#3 E:\workspace\work\weijia\app\framework\web\CController.php(265): SiteController->runActionWithFilters()
#4 E:\workspace\work\weijia\app\framework\web\CWebApplication.php(282): SiteController->run()
#5 E:\workspace\work\weijia\app\framework\web\CWebApplication.php(141): CWebApplication->runController()
#6 E:\workspace\work\weijia\app\framework\base\CApplication.php(185): CWebApplication->processRequest()
#7 E:\workspace\work\weijia\app\index\index.php(13): CWebApplication->run()
REQUEST_URI=/weijia/app/index/index.php?r=site/test
in E:\workspace\work\weijia\app\index\protected\controllers\SiteController.php (28)
in E:\workspace\work\weijia\app\index\index.php (13)
2016/03/23 14:13:33 [error] [exception.CException] exception 'CException' with message 'Property "SiteController.breadcrumbs" is not defined.' in E:\workspace\work\weijia\app\framework\base\CComponent.php:173
Stack trace:
#0 E:\workspace\work\weijia\app\index\protected\views\site\login.php(7): CComponent->__set('breadcrumbs', Array)
#1 E:\workspace\work\weijia\app\framework\web\CBaseController.php(126): require('E:\workspace\wo...')
#2 E:\workspace\work\weijia\app\framework\web\CBaseController.php(95): CBaseController->renderInternal('E:\workspace\wo...', Array, true)
#3 E:\workspace\work\weijia\app\framework\web\CController.php(869): CBaseController->renderFile('E:\workspace\wo...', Array, true)
#4 E:\workspace\work\weijia\app\framework\web\CController.php(782): CController->renderPartial('login', Array, true)
#5 E:\workspace\work\weijia\app\index\protected\controllers\SiteController.php(96): CController->render('login', Array)
#6 E:\workspace\work\weijia\app\framework\web\actions\CInlineAction.php(49): SiteController->actionLogin()
#7 E:\workspace\work\weijia\app\framework\web\CController.php(308): CInlineAction->runWithParams(Array)
#8 E:\workspace\work\weijia\app\framework\web\CController.php(286): CController->runAction(Object(CInlineAction))
#9 E:\workspace\work\weijia\app\framework\web\CController.php(265): CController->runActionWithFilters(Object(CInlineAction), Array)
#10 E:\workspace\work\weijia\app\framework\web\CWebApplication.php(282): CController->run('login')
#11 E:\workspace\work\weijia\app\framework\web\CWebApplication.php(141): CWebApplication->runController('site/login')
#12 E:\workspace\work\weijia\app\framework\base\CApplication.php(185): CWebApplication->processRequest()
#13 E:\workspace\work\weijia\app\index\index.php(13): CApplication->run()
#14 {main}
REQUEST_URI=/weijia/app/index/index.php?r=site/login
HTTP_REFERER=http://localhost/weijia/app/index/index.php
---
2016/03/23 14:28:20 [error] [exception.CHttpException.404] exception 'CHttpException' with message 'Unable to resolve the request "yewu/jiameng".' in E:\workspace\work\weijia\app\framework\web\CWebApplication.php:286
Stack trace:
#0 E:\workspace\work\weijia\app\framework\web\CWebApplication.php(141): CWebApplication->runController('yewu/jiameng')
#1 E:\workspace\work\weijia\app\framework\base\CApplication.php(185): CWebApplication->processRequest()
#2 E:\workspace\work\weijia\app\index\index.php(13): CApplication->run()
#3 {main}
REQUEST_URI=/weijia/app/index/index.php?r=yewu/jiameng
---
2016/03/23 14:28:46 [error] [exception.CHttpException.404] exception 'CHttpException' with message 'The system is unable to find the requested action "jiameng".' in E:\workspace\work\weijia\app\framework\web\CController.php:483
Stack trace:
#0 E:\workspace\work\weijia\app\framework\web\CController.php(270): CController->missingAction('jiameng')
#1 E:\workspace\work\weijia\app\framework\web\CWebApplication.php(282): CController->run('jiameng')
#2 E:\workspace\work\weijia\app\framework\web\CWebApplication.php(141): CWebApplication->runController('yewu/jiameng')
#3 E:\workspace\work\weijia\app\framework\base\CApplication.php(185): CWebApplication->processRequest()
#4 E:\workspace\work\weijia\app\index\index.php(13): CApplication->run()
#5 {main}
REQUEST_URI=/weijia/app/index/index.php?r=yewu/jiameng
---
2016/03/23 14:32:10 [error] [exception.CHttpException.404] exception 'CHttpException' with message 'Unable to resolve the request "yewy/chuzu".' in E:\workspace\work\weijia\app\framework\web\CWebApplication.php:286
Stack trace:
#0 E:\workspace\work\weijia\app\framework\web\CWebApplication.php(141): CWebApplication->runController('yewy/chuzu')
#1 E:\workspace\work\weijia\app\framework\base\CApplication.php(185): CWebApplication->processRequest()
#2 E:\workspace\work\weijia\app\index\index.php(13): CApplication->run()
#3 {main}
REQUEST_URI=/weijia/app/index/index.php?r=yewy/chuzu
---
2016/03/23 14:53:38 [error] [exception.CHttpException.404] exception 'CHttpException' with message 'Unable to resolve the request "shop/shopstore".' in E:\workspace\work\weijia\app\framework\web\CWebApplication.php:286
Stack trace:
#0 E:\workspace\work\weijia\app\framework\web\CWebApplication.php(141): CWebApplication->runController('shop/shopstore')
#1 E:\workspace\work\weijia\app\framework\base\CApplication.php(185): CWebApplication->processRequest()
#2 E:\workspace\work\weijia\app\index\index.php(13): CApplication->run()
#3 {main}
REQUEST_URI=/weijia/app/index/?r=shop/shopstore
---
2016/03/23 14:54:07 [error] [exception.CHttpException.404] exception 'CHttpException' with message 'Unable to resolve the request "shop/shopstore".' in E:\workspace\work\weijia\app\framework\web\CWebApplication.php:286
Stack trace:
#0 E:\workspace\work\weijia\app\framework\web\CWebApplication.php(141): CWebApplication->runController('shop/shopstore')
#1 E:\workspace\work\weijia\app\framework\base\CApplication.php(185): CWebApplication->processRequest()
#2 E:\workspace\work\weijia\app\index\index.php(13): CApplication->run()
#3 {main}
REQUEST_URI=/weijia/app/index/?r=shop/shopstore
---
2016/03/23 14:57:11 [error] [exception.CHttpException.404] exception 'CHttpException' with message 'The system is unable to find the requested action "detail".' in E:\workspace\work\weijia\app\framework\web\CController.php:483
Stack trace:
#0 E:\workspace\work\weijia\app\framework\web\CController.php(270): CController->missingAction('detail')
#1 E:\workspace\work\weijia\app\framework\web\CWebApplication.php(282): CController->run('detail')
#2 E:\workspace\work\weijia\app\framework\web\CWebApplication.php(141): CWebApplication->runController('store/detail')
#3 E:\workspace\work\weijia\app\framework\base\CApplication.php(185): CWebApplication->processRequest()
#4 E:\workspace\work\weijia\app\index\index.php(13): CApplication->run()
#5 {main}
REQUEST_URI=/weijia/app/index/index.php?r=store/detail
---
2016/03/23 14:57:26 [error] [exception.CException] exception 'CException' with message 'StoreController cannot find the requested view "detial".' in E:\workspace\work\weijia\app\framework\web\CController.php:878
Stack trace:
#0 E:\workspace\work\weijia\app\framework\web\CController.php(782): CController->renderPartial('detial', NULL, true)
#1 E:\workspace\work\weijia\app\index\protected\controllers\StoreController.php(13): CController->render('detial')
#2 E:\workspace\work\weijia\app\framework\web\actions\CInlineAction.php(49): StoreController->actionDetial()
#3 E:\workspace\work\weijia\app\framework\web\CController.php(308): CInlineAction->runWithParams(Array)
#4 E:\workspace\work\weijia\app\framework\web\CController.php(286): CController->runAction(Object(CInlineAction))
#5 E:\workspace\work\weijia\app\framework\web\CController.php(265): CController->runActionWithFilters(Object(CInlineAction), Array)
#6 E:\workspace\work\weijia\app\framework\web\CWebApplication.php(282): CController->run('detial')
#7 E:\workspace\work\weijia\app\framework\web\CWebApplication.php(141): CWebApplication->runController('store/detial')
#8 E:\workspace\work\weijia\app\framework\base\CApplication.php(185): CWebApplication->processRequest()
#9 E:\workspace\work\weijia\app\index\index.php(13): CApplication->run()
#10 {main}
REQUEST_URI=/weijia/app/index/index.php?r=store/detial
---
2016/03/23 15:03:17 [error] [exception.CHttpException.404] exception 'CHttpException' with message 'Unable to resolve the request "show/add".' in E:\workspace\work\weijia\app\framework\web\CWebApplication.php:286
Stack trace:
#0 E:\workspace\work\weijia\app\framework\web\CWebApplication.php(141): CWebApplication->runController('show/add')
#1 E:\workspace\work\weijia\app\framework\base\CApplication.php(185): CWebApplication->processRequest()
#2 E:\workspace\work\weijia\app\index\index.php(13): CApplication->run()
#3 {main}
REQUEST_URI=/weijia/app/index/index.php?r=show/add
---
2016/03/23 15:21:46 [error] [exception.CHttpException.404] exception 'CHttpException' with message 'The system is unable to find the requested action "shopstore".' in E:\workspace\work\weijia\app\framework\web\CController.php:483
Stack trace:
#0 E:\workspace\work\weijia\app\framework\web\CController.php(270): CController->missingAction('shopstore')
#1 E:\workspace\work\weijia\app\framework\web\CWebApplication.php(282): CController->run('shopstore')
#2 E:\workspace\work\weijia\app\framework\web\CWebApplication.php(141): CWebApplication->runController('store/shopstore')
#3 E:\workspace\work\weijia\app\framework\base\CApplication.php(185): CWebApplication->processRequest()
#4 E:\workspace\work\weijia\app\index\index.php(13): CApplication->run()
#5 {main}
REQUEST_URI=/weijia/app/index/index.php?r=store/shopstore
HTTP_REFERER=http://localhost/weijia/app/index/index.php
---
2016/03/30 13:35:08 [error] [exception.CHttpException.404] exception 'CHttpException' with message 'The system is unable to find the requested action "headmenu".' in E:\workspace\work\weijia\app\framework\web\CController.php:483
Stack trace:
#0 E:\workspace\work\weijia\app\framework\web\CController.php(270): CController->missingAction('headmenu')
#1 E:\workspace\work\weijia\app\framework\web\CWebApplication.php(282): CController->run('headmenu')
#2 E:\workspace\work\weijia\app\framework\web\CWebApplication.php(141): CWebApplication->runController('basemenu/headme...')
#3 E:\workspace\work\weijia\app\framework\base\CApplication.php(185): CWebApplication->processRequest()
#4 E:\workspace\work\weijia\app\index\index.php(13): CApplication->run()
#5 {main}
REQUEST_URI=/weijia/app/index/index.php?r=basemenu/headmenu
---
2016/04/04 15:36:45 [error] [exception.CHttpException.404] exception 'CHttpException' with message 'The system is unable to find the requested action "detaile".' in E:\workspace\work\weijia\app\framework\web\CController.php:483
Stack trace:
#0 E:\workspace\work\weijia\app\framework\web\CController.php(270): CController->missingAction('detaile')
#1 E:\workspace\work\weijia\app\framework\web\CWebApplication.php(282): CController->run('detaile')
#2 E:\workspace\work\weijia\app\framework\web\CWebApplication.php(141): CWebApplication->runController('store/detaile')
#3 E:\workspace\work\weijia\app\framework\base\CApplication.php(185): CWebApplication->processRequest()
#4 E:\workspace\work\weijia\app\index\index.php(13): CApplication->run()
#5 {main}
REQUEST_URI=/weijia/app/index/index.php?r=store/detaile
---
2016/04/04 15:36:50 [error] [exception.CHttpException.404] exception 'CHttpException' with message 'The system is unable to find the requested action "detaile".' in E:\workspace\work\weijia\app\framework\web\CController.php:483
Stack trace:
#0 E:\workspace\work\weijia\app\framework\web\CController.php(270): CController->missingAction('detaile')
#1 E:\workspace\work\weijia\app\framework\web\CWebApplication.php(282): CController->run('detaile')
#2 E:\workspace\work\weijia\app\framework\web\CWebApplication.php(141): CWebApplication->runController('store/detaile')
#3 E:\workspace\work\weijia\app\framework\base\CApplication.php(185): CWebApplication->processRequest()
#4 E:\workspace\work\weijia\app\index\index.php(13): CApplication->run()
#5 {main}
REQUEST_URI=/weijia/app/index/index.php?r=store/detaile
---
2016/04/04 15:36:54 [error] [exception.CHttpException.404] exception 'CHttpException' with message 'The system is unable to find the requested action "detile".' in E:\workspace\work\weijia\app\framework\web\CController.php:483
Stack trace:
#0 E:\workspace\work\weijia\app\framework\web\CController.php(270): CController->missingAction('detile')
#1 E:\workspace\work\weijia\app\framework\web\CWebApplication.php(282): CController->run('detile')
#2 E:\workspace\work\weijia\app\framework\web\CWebApplication.php(141): CWebApplication->runController('store/detile')
#3 E:\workspace\work\weijia\app\framework\base\CApplication.php(185): CWebApplication->processRequest()
#4 E:\workspace\work\weijia\app\index\index.php(13): CApplication->run()
#5 {main}
REQUEST_URI=/weijia/app/index/index.php?r=store/detile
---
2016/04/04 15:48:38 [error] [exception.CHttpException.404] exception 'CHttpException' with message 'The system is unable to find the requested action "creat".' in E:\workspace\work\weijia\app\framework\web\CController.php:483
Stack trace:
#0 E:\workspace\work\weijia\app\framework\web\CController.php(270): CController->missingAction('creat')
#1 E:\workspace\work\weijia\app\framework\web\CWebApplication.php(282): CController->run('creat')
#2 E:\workspace\work\weijia\app\framework\web\CWebApplication.php(141): CWebApplication->runController('lease/creat')
#3 E:\workspace\work\weijia\app\framework\base\CApplication.php(185): CWebApplication->processRequest()
#4 E:\workspace\work\weijia\app\index\index.php(13): CApplication->run()
#5 {main}
REQUEST_URI=/weijia/app/index/index.php?r=lease/creat
---
2016/04/04 16:03:13 [error] [exception.CHttpException.404] exception 'CHttpException' with message 'The system is unable to find the requested action "rent".' in E:\workspace\work\weijia\app\framework\web\CController.php:483
Stack trace:
#0 E:\workspace\work\weijia\app\framework\web\CController.php(270): CController->missingAction('rent')
#1 E:\workspace\work\weijia\app\framework\web\CWebApplication.php(282): CController->run('rent')
#2 E:\workspace\work\weijia\app\framework\web\CWebApplication.php(141): CWebApplication->runController('lease/rent')
#3 E:\workspace\work\weijia\app\framework\base\CApplication.php(185): CWebApplication->processRequest()
#4 E:\workspace\work\weijia\app\index\index.php(13): CApplication->run()
#5 {main}
REQUEST_URI=/weijia/app/index/index.php?r=lease/rent
HTTP_REFERER=http://localhost/weijia/app/index/index.php?r=lease/storerent
---
2016/04/04 16:04:04 [error] [exception.CHttpException.404] exception 'CHttpException' with message 'The system is unable to find the requested action "rent".' in E:\workspace\work\weijia\app\framework\web\CController.php:483
Stack trace:
#0 E:\workspace\work\weijia\app\framework\web\CController.php(270): CController->missingAction('rent')
#1 E:\workspace\work\weijia\app\framework\web\CWebApplication.php(282): CController->run('rent')
#2 E:\workspace\work\weijia\app\framework\web\CWebApplication.php(141): CWebApplication->runController('lease/rent')
#3 E:\workspace\work\weijia\app\framework\base\CApplication.php(185): CWebApplication->processRequest()
#4 E:\workspace\work\weijia\app\index\index.php(13): CApplication->run()
#5 {main}
REQUEST_URI=/weijia/app/index/index.php?r=lease/rent
HTTP_REFERER=http://localhost/weijia/app/index/index.php?r=lease/storerent
---
2016/04/06 13:45:30 [error] [system.db.CDbCommand] CDbCommand::fetch() failed: SQLSTATE[42S22]: Column not found: 1054 Unknown column 'yiier' in 'where clause'. The SQL statement executed was: SELECT * FROM `cy_user` `t` WHERE gender =yiier LIMIT 1.
in E:\workspace\work\weijia\app\index\index.php (13)
2016/04/06 13:45:30 [error] [exception.CDbException] exception 'CDbException' with message 'CDbCommand failed to execute the SQL statement: SQLSTATE[42S22]: Column not found: 1054 Unknown column 'yiier' in 'where clause'. The SQL statement executed was: SELECT * FROM `cy_user` `t` WHERE gender =yiier LIMIT 1' in E:\workspace\work\weijia\app\framework\db\CDbCommand.php:543
Stack trace:
#0 E:\workspace\work\weijia\app\framework\db\CDbCommand.php(415): CDbCommand->queryInternal('fetch', Array, Array)
#1 E:\workspace\work\weijia\app\framework\db\ar\CActiveRecord.php(1356): CDbCommand->queryRow()
#2 E:\workspace\work\weijia\app\framework\db\ar\CActiveRecord.php(1461): CActiveRecord->query(Object(CDbCriteria))
#3 E:\workspace\work\weijia\app\framework\web\auth\CUserIdentity.php(68): CActiveRecord->find('gender =yiier')
#4 E:\workspace\work\weijia\app\framework\web\auth\CWebUser.php(229): CUserIdentity->getId()
#5 E:\workspace\work\weijia\app\framework\gii\models\LoginForm.php(43): CWebUser->login(Object(UserIdentity))
#6 E:\workspace\work\weijia\app\framework\gii\controllers\DefaultController.php(43): LoginForm->login()
#7 E:\workspace\work\weijia\app\framework\web\actions\CInlineAction.php(49): DefaultController->actionLogin()
#8 E:\workspace\work\weijia\app\framework\web\CController.php(308): CInlineAction->runWithParams(Array)
#9 E:\workspace\work\weijia\app\framework\web\CController.php(286): CController->runAction(Object(CInlineAction))
#10 E:\workspace\work\weijia\app\framework\web\CController.php(265): CController->runActionWithFilters(Object(CInlineAction), Array)
#11 E:\workspace\work\weijia\app\framework\web\CWebApplication.php(282): CController->run('login')
#12 E:\workspace\work\weijia\app\framework\web\CWebApplication.php(141): CWebApplication->runController('gii/default/log...')
#13 E:\workspace\work\weijia\app\framework\base\CApplication.php(185): CWebApplication->processRequest()
#14 E:\workspace\work\weijia\app\index\index.php(13): CApplication->run()
#15 {main}
REQUEST_URI=/weijia/app/index/index.php?r=gii/default/login
HTTP_REFERER=http://localhost/weijia/app/index/index.php?r=gii/default/login
---
2016/04/06 13:55:22 [error] [php] Undefined variable: model (E:\workspace\work\weijia\app\index\protected\views\site\register.php:27)
Stack trace:
#0 E:\workspace\work\weijia\app\framework\web\CController.php(869): SiteController->renderFile()
#1 E:\workspace\work\weijia\app\framework\web\CController.php(782): SiteController->renderPartial()
#2 E:\workspace\work\weijia\app\index\protected\controllers\SiteController.php(121): SiteController->render()
#3 E:\workspace\work\weijia\app\framework\web\actions\CInlineAction.php(49): SiteController->actionRegister()
#4 E:\workspace\work\weijia\app\framework\web\CController.php(308): CInlineAction->runWithParams()
#5 E:\workspace\work\weijia\app\framework\web\CController.php(286): SiteController->runAction()
#6 E:\workspace\work\weijia\app\framework\web\CController.php(265): SiteController->runActionWithFilters()
#7 E:\workspace\work\weijia\app\framework\web\CWebApplication.php(282): SiteController->run()
#8 E:\workspace\work\weijia\app\framework\web\CWebApplication.php(141): CWebApplication->runController()
#9 E:\workspace\work\weijia\app\framework\base\CApplication.php(185): CWebApplication->processRequest()
#10 E:\workspace\work\weijia\app\index\index.php(13): CWebApplication->run()
REQUEST_URI=/weijia/app/index/index.php?r=site/register
in E:\workspace\work\weijia\app\index\protected\views\site\register.php (27)
in E:\workspace\work\weijia\app\index\protected\controllers\SiteController.php (121)
in E:\workspace\work\weijia\app\index\index.php (13)
2016/04/06 14:03:13 [error] [exception.CException] exception 'CException' with message 'Property "User.attributeLabels" is not defined.' in E:\workspace\work\weijia\app\framework\base\CComponent.php:173
Stack trace:
#0 E:\workspace\work\weijia\app\framework\db\ar\CActiveRecord.php(161): CComponent->__set('attributeLabels', Array)
#1 E:\workspace\work\weijia\app\index\protected\controllers\SiteController.php(121): CActiveRecord->__set('attributeLabels', Array)
#2 E:\workspace\work\weijia\app\framework\web\actions\CInlineAction.php(49): SiteController->actionRegister()
#3 E:\workspace\work\weijia\app\framework\web\CController.php(308): CInlineAction->runWithParams(Array)
#4 E:\workspace\work\weijia\app\framework\web\CController.php(286): CController->runAction(Object(CInlineAction))
#5 E:\workspace\work\weijia\app\framework\web\CController.php(265): CController->runActionWithFilters(Object(CInlineAction), Array)
#6 E:\workspace\work\weijia\app\framework\web\CWebApplication.php(282): CController->run('register')
#7 E:\workspace\work\weijia\app\framework\web\CWebApplication.php(141): CWebApplication->runController('site/register')
#8 E:\workspace\work\weijia\app\framework\base\CApplication.php(185): CWebApplication->processRequest()
#9 E:\workspace\work\weijia\app\index\index.php(13): CApplication->run()
#10 {main}
REQUEST_URI=/weijia/app/index/index.php?r=site/register
HTTP_REFERER=http://localhost/weijia/app/index/index.php?r=site/register
---
2016/04/06 14:03:28 [error] [php] Missing argument 2 for CActiveRecord::setAttribute(), called in E:\workspace\work\weijia\app\framework\base\CComponent.php on line 152 and defined (E:\workspace\work\weijia\app\framework\db\ar\CActiveRecord.php:710)
Stack trace:
#0 E:\workspace\work\weijia\app\index\protected\controllers\SiteController.php(121): User->__set()
#1 E:\workspace\work\weijia\app\framework\web\actions\CInlineAction.php(49): SiteController->actionRegister()
#2 E:\workspace\work\weijia\app\framework\web\CController.php(308): CInlineAction->runWithParams()
#3 E:\workspace\work\weijia\app\framework\web\CController.php(286): SiteController->runAction()
#4 E:\workspace\work\weijia\app\framework\web\CController.php(265): SiteController->runActionWithFilters()
#5 E:\workspace\work\weijia\app\framework\web\CWebApplication.php(282): SiteController->run()
#6 E:\workspace\work\weijia\app\framework\web\CWebApplication.php(141): CWebApplication->runController()
#7 E:\workspace\work\weijia\app\framework\base\CApplication.php(185): CWebApplication->processRequest()
#8 E:\workspace\work\weijia\app\index\index.php(13): CWebApplication->run()
REQUEST_URI=/weijia/app/index/index.php?r=site/register
in E:\workspace\work\weijia\app\index\protected\controllers\SiteController.php (121)
in E:\workspace\work\weijia\app\index\index.php (13)
2016/04/06 14:03:30 [error] [php] Missing argument 2 for CActiveRecord::setAttribute(), called in E:\workspace\work\weijia\app\framework\base\CComponent.php on line 152 and defined (E:\workspace\work\weijia\app\framework\db\ar\CActiveRecord.php:710)
Stack trace:
#0 E:\workspace\work\weijia\app\index\protected\controllers\SiteController.php(121): User->__set()
#1 E:\workspace\work\weijia\app\framework\web\actions\CInlineAction.php(49): SiteController->actionRegister()
#2 E:\workspace\work\weijia\app\framework\web\CController.php(308): CInlineAction->runWithParams()
#3 E:\workspace\work\weijia\app\framework\web\CController.php(286): SiteController->runAction()
#4 E:\workspace\work\weijia\app\framework\web\CController.php(265): SiteController->runActionWithFilters()
#5 E:\workspace\work\weijia\app\framework\web\CWebApplication.php(282): SiteController->run()
#6 E:\workspace\work\weijia\app\framework\web\CWebApplication.php(141): CWebApplication->runController()
#7 E:\workspace\work\weijia\app\framework\base\CApplication.php(185): CWebApplication->processRequest()
#8 E:\workspace\work\weijia\app\index\index.php(13): CWebApplication->run()
REQUEST_URI=/weijia/app/index/index.php?r=site/register
in E:\workspace\work\weijia\app\index\protected\controllers\SiteController.php (121)
in E:\workspace\work\weijia\app\index\index.php (13)
2016/04/06 14:24:31 [error] [exception.CException] exception 'CException' with message 'Property "SiteController.breadcrumbs" is not defined.' in E:\workspace\work\weijia\app\framework\base\CComponent.php:173
Stack trace:
#0 E:\workspace\work\weijia\app\index\protected\views\site\login.php(7): CComponent->__set('breadcrumbs', Array)
#1 E:\workspace\work\weijia\app\framework\web\CBaseController.php(126): require('E:\workspace\wo...')
#2 E:\workspace\work\weijia\app\framework\web\CBaseController.php(95): CBaseController->renderInternal('E:\workspace\wo...', Array, true)
#3 E:\workspace\work\weijia\app\framework\web\CController.php(869): CBaseController->renderFile('E:\workspace\wo...', Array, true)
#4 E:\workspace\work\weijia\app\framework\web\CController.php(782): CController->renderPartial('login', Array, true)
#5 E:\workspace\work\weijia\app\index\protected\controllers\SiteController.php(96): CController->render('login', Array)
#6 E:\workspace\work\weijia\app\framework\web\actions\CInlineAction.php(49): SiteController->actionLogin()
#7 E:\workspace\work\weijia\app\framework\web\CController.php(308): CInlineAction->runWithParams(Array)
#8 E:\workspace\work\weijia\app\framework\web\CController.php(286): CController->runAction(Object(CInlineAction))
#9 E:\workspace\work\weijia\app\framework\web\CController.php(265): CController->runActionWithFilters(Object(CInlineAction), Array)
#10 E:\workspace\work\weijia\app\framework\web\CWebApplication.php(282): CController->run('login')
#11 E:\workspace\work\weijia\app\framework\web\CWebApplication.php(141): CWebApplication->runController('site/login')
#12 E:\workspace\work\weijia\app\framework\base\CApplication.php(185): CWebApplication->processRequest()
#13 E:\workspace\work\weijia\app\index\index.php(13): CApplication->run()
#14 {main}
REQUEST_URI=/weijia/app/index/index.php?r=site/login
---
2016/04/06 16:17:44 [error] [exception.CHttpException.404] exception 'CHttpException' with message 'Unable to resolve the request "rent".' in D:\xampp\htdocs\app\framework\web\CWebApplication.php:286
Stack trace:
#0 D:\xampp\htdocs\app\framework\web\CWebApplication.php(141): CWebApplication->runController('rent')
#1 D:\xampp\htdocs\app\framework\base\CApplication.php(185): CWebApplication->processRequest()
#2 D:\xampp\htdocs\app\index\index.php(13): CApplication->run()
#3 {main}
REQUEST_URI=/app/index/index.php?r=rent
---
